<mods xmlns="http://www.loc.gov/mods/v3" xmlns:xsi="http://www.w3.org/2001/XMLSchema-instance" xsi:schemaLocation="http://www.loc.gov/mods/v3 http://www.loc.gov/standards/mods/v3/mods-3-2.xsd">
<identifier type="local">test.identifier.1</identifier>
<titleInfo displayLabel="Supplied title">
<title>%s</title>
</titleInfo>
</mods>